[FATAL] 2023-09-24 21:31:20.351 [main] StepDef - SetUp 1 Executed....
[INFO ] 2023-09-24 21:31:20.388 [main] StepDef - Launch Chrome Browser....
[INFO ] 2023-09-24 21:31:23.749 [main] StepDef - URL Opned....
[INFO ] 2023-09-24 21:31:24.013 [main] StepDef - email address and password entered....
[INFO ] 2023-09-24 21:32:03.379 [main] StepDef - click on login button....
[WARN ] 2023-09-24 21:32:03.398 [main] StepDef - Test Passed: Login Feature: Page Title Matched
[INFO ] 2023-09-24 21:32:06.947 [main] StepDef - User click on log out link....
[WARN ] 2023-09-24 21:32:06.965 [main] StepDef - Test Passed: Login Feature: Page Title Matched
[INFO ] 2023-09-24 21:32:07.122 [main] StepDef - Browser Closed....
[FATAL] 2023-09-24 22:22:08.378 [main] StepDef - SetUp 1 Executed....
[INFO ] 2023-09-24 22:22:08.426 [main] StepDef - Launch Chrome Browser....
[INFO ] 2023-09-24 22:22:10.414 [main] StepDef - URL Opned....
[INFO ] 2023-09-24 22:22:10.703 [main] StepDef - email address and password entered....
[INFO ] 2023-09-24 22:22:15.586 [main] StepDef - click on login button....
[WARN ] 2023-09-24 22:22:15.610 [main] StepDef - Test Passed: Login Feature: Page Title Matched
[INFO ] 2023-09-24 22:22:19.348 [main] StepDef - User click on log out link....
[WARN ] 2023-09-24 22:22:19.359 [main] StepDef - Test Passed: Login Feature: Page Title Matched
[INFO ] 2023-09-24 22:22:19.530 [main] StepDef - Browser Closed....
[FATAL] 2023-09-24 22:23:34.299 [main] StepDef - SetUp 1 Executed....
[INFO ] 2023-09-24 22:23:34.344 [main] StepDef - Launch Chrome Browser....
[INFO ] 2023-09-24 22:23:37.203 [main] StepDef - URL Opned....
[INFO ] 2023-09-24 22:23:37.482 [main] StepDef - email address and password entered....
[INFO ] 2023-09-24 22:23:44.461 [main] StepDef - click on login button....
[WARN ] 2023-09-24 22:23:44.474 [main] StepDef - Test Passed: Login Feature: Page Title Matched
[INFO ] 2023-09-24 22:23:48.747 [main] StepDef - User click on log out link....
[WARN ] 2023-09-24 22:23:48.760 [main] StepDef - Test Passed: Login Feature: Page Title Matched
[INFO ] 2023-09-24 22:23:49.030 [main] StepDef - Browser Closed....
[INFO ] 2023-09-24 22:23:49.911 [main] StepDef - SetUp 2 Executed....
[INFO ] 2023-09-24 22:23:49.914 [main] StepDef - Launch Chrome Browser....
[INFO ] 2023-09-24 22:23:53.255 [main] StepDef - URL Opned....
[INFO ] 2023-09-24 22:23:53.559 [main] StepDef - email address and password entered....
[INFO ] 2023-09-24 22:24:03.872 [main] StepDef - click on login button....
[WARN ] 2023-09-24 22:24:03.887 [main] StepDef - Test Passed: Login Feature: Page Title Matched
[INFO ] 2023-09-24 22:24:07.938 [main] StepDef - User click on log out link....
[WARN ] 2023-09-24 22:24:07.951 [main] StepDef - Test Passed: Login Feature: Page Title Matched
[INFO ] 2023-09-24 22:24:08.135 [main] StepDef - Browser Closed....
[FATAL] 2023-09-24 22:32:18.165 [main] StepDef - SetUp 1 Executed....
[INFO ] 2023-09-24 22:32:18.172 [main] StepDef - Launch Chrome Browser....
[INFO ] 2023-09-24 22:32:21.035 [main] StepDef - URL Opned....
[INFO ] 2023-09-24 22:32:21.299 [main] StepDef - email address and password entered....
[INFO ] 2023-09-24 22:32:27.159 [main] StepDef - click on login button....
[WARN ] 2023-09-24 22:32:27.172 [main] StepDef - Test Passed: Login Feature: Page Title Matched
[INFO ] 2023-09-24 22:32:31.094 [main] StepDef - User click on log out link....
[WARN ] 2023-09-24 22:32:31.108 [main] StepDef - Test Passed: Login Feature: Page Title Matched
[INFO ] 2023-09-24 22:32:31.385 [main] StepDef - Launch Chrome Browser....
[FATAL] 2023-09-24 22:36:22.070 [main] StepDef - SetUp 1 Executed....
[INFO ] 2023-09-24 22:36:22.079 [main] StepDef - Launch Chrome Browser....
[INFO ] 2023-09-24 22:36:24.137 [main] StepDef - URL Opned....
[INFO ] 2023-09-24 22:36:24.383 [main] StepDef - email address and password entered....
[INFO ] 2023-09-24 22:36:30.334 [main] StepDef - click on login button....
[WARN ] 2023-09-24 22:36:30.357 [main] StepDef - Test Passed: Login Feature: Page Title Matched
[INFO ] 2023-09-24 22:36:34.119 [main] StepDef - User click on log out link....
[WARN ] 2023-09-24 22:36:34.136 [main] StepDef - Test Passed: Login Feature: Page Title Matched
[INFO ] 2023-09-24 22:36:34.164 [main] StepDef - Launch Chrome Browser....
[FATAL] 2023-09-24 22:39:59.330 [main] StepDef - SetUp 1 Executed....
[INFO ] 2023-09-24 22:39:59.338 [main] StepDef - Launch Chrome Browser....
[INFO ] 2023-09-24 22:40:01.114 [main] StepDef - URL Opned....
[INFO ] 2023-09-24 22:40:01.388 [main] StepDef - email address and password entered....
[INFO ] 2023-09-24 22:40:07.256 [main] StepDef - click on login button....
[WARN ] 2023-09-24 22:40:07.280 [main] StepDef - Test Passed: Login Feature: Page Title Matched
[INFO ] 2023-09-24 22:40:11.283 [main] StepDef - User click on log out link....
[WARN ] 2023-09-24 22:40:11.300 [main] StepDef - Test Passed: Login Feature: Page Title Matched
[INFO ] 2023-09-24 22:40:11.486 [main] StepDef - Browser Closed....
[INFO ] 2023-09-24 22:40:11.648 [main] StepDef - Launch Chrome Browser....
[FATAL] 2023-09-24 22:41:33.493 [main] StepDef - SetUp 1 Executed....
[INFO ] 2023-09-24 22:41:33.515 [main] StepDef - Launch Chrome Browser....
[INFO ] 2023-09-24 22:41:35.385 [main] StepDef - URL Opned....
[INFO ] 2023-09-24 22:41:35.659 [main] StepDef - email address and password entered....
[INFO ] 2023-09-24 22:41:51.758 [main] StepDef - click on login button....
[WARN ] 2023-09-24 22:41:51.772 [main] StepDef - Test Passed: Login Feature: Page Title Matched
[INFO ] 2023-09-24 22:41:55.729 [main] StepDef - User click on log out link....
[WARN ] 2023-09-24 22:41:55.737 [main] StepDef - Test Passed: Login Feature: Page Title Matched
[INFO ] 2023-09-24 22:41:55.890 [main] StepDef - Browser Closed....
[INFO ] 2023-09-24 22:41:56.787 [main] StepDef - SetUp 2 Executed....
[INFO ] 2023-09-24 22:41:56.790 [main] StepDef - Launch Chrome Browser....
[INFO ] 2023-09-24 22:41:58.724 [main] StepDef - URL Opned....
[INFO ] 2023-09-24 22:41:58.995 [main] StepDef - email address and password entered....
[INFO ] 2023-09-24 22:42:05.032 [main] StepDef - click on login button....
[WARN ] 2023-09-24 22:42:05.051 [main] StepDef - Test Passed: Login Feature: Page Title Matched
[INFO ] 2023-09-24 22:42:08.839 [main] StepDef - User click on log out link....
[WARN ] 2023-09-24 22:42:08.851 [main] StepDef - Test Passed: Login Feature: Page Title Matched
[INFO ] 2023-09-24 22:42:08.993 [main] StepDef - Browser Closed....
[FATAL] 2023-09-24 22:51:14.332 [main] StepDef - SetUp 1 Executed....
[INFO ] 2023-09-24 22:51:14.366 [main] StepDef - Launch Chrome Browser....
[INFO ] 2023-09-24 22:51:16.337 [main] StepDef - URL Opned....
[INFO ] 2023-09-24 22:51:16.591 [main] StepDef - email address and password entered....
[INFO ] 2023-09-24 22:51:22.547 [main] StepDef - click on login button....
[WARN ] 2023-09-24 22:51:22.555 [main] StepDef - Test Passed: Login Feature: Page Title Matched
[INFO ] 2023-09-24 22:51:26.398 [main] StepDef - User click on log out link....
[WARN ] 2023-09-24 22:51:26.411 [main] StepDef - Test Passed: Login Feature: Page Title Matched
[INFO ] 2023-09-24 22:51:26.585 [main] StepDef - Browser Closed....
[INFO ] 2023-09-24 22:51:27.356 [main] StepDef - SetUp 2 Executed....
[INFO ] 2023-09-24 22:51:27.357 [main] StepDef - Launch Chrome Browser....
[INFO ] 2023-09-24 22:51:30.694 [main] StepDef - URL Opned....
[INFO ] 2023-09-24 22:51:30.937 [main] StepDef - email address and password entered....
[INFO ] 2023-09-24 22:51:36.389 [main] StepDef - click on login button....
[WARN ] 2023-09-24 22:51:36.408 [main] StepDef - Test Passed: Login Feature: Page Title Matched
[INFO ] 2023-09-24 22:51:40.429 [main] StepDef - User click on log out link....
[WARN ] 2023-09-24 22:51:40.441 [main] StepDef - Test Passed: Login Feature: Page Title Matched
[INFO ] 2023-09-24 22:51:40.612 [main] StepDef - Browser Closed....
[FATAL] 2023-09-24 23:00:10.870 [main] StepDef - SetUp 1 Executed....
[INFO ] 2023-09-24 23:00:10.897 [main] StepDef - Launch Chrome Browser....
[INFO ] 2023-09-24 23:00:13.519 [main] StepDef - URL Opned....
[INFO ] 2023-09-24 23:00:13.779 [main] StepDef - email address and password entered....
[INFO ] 2023-09-24 23:00:21.227 [main] StepDef - click on login button....
[INFO ] 2023-09-24 23:00:21.240 [main] StepDef - User can view dashboard : Test Passed....
[INFO ] 2023-09-24 23:00:21.342 [main] StepDef - Customer Menu Clicked....
[INFO ] 2023-09-24 23:00:25.140 [main] StepDef - Customer Menu Item Clicked....
[INFO ] 2023-09-24 23:00:28.862 [main] StepDef - Clicked on add new button....
[INFO ] 2023-09-24 23:00:28.881 [main] StepDef - User Can view add new customer page: passed....
[INFO ] 2023-09-24 23:00:30.124 [main] StepDef - Customer Information entered....
[INFO ] 2023-09-24 23:00:31.570 [main] StepDef - Click on save button....
[INFO ] 2023-09-24 23:00:31.693 [main] StepDef - User Can view confirmation message: passed....
[FATAL] 2023-09-24 23:00:33.072 [main] StepDef - SetUp 1 Executed....
[INFO ] 2023-09-24 23:00:33.078 [main] StepDef - Launch Chrome Browser....
[INFO ] 2023-09-24 23:00:34.326 [main] StepDef - URL Opned....
[INFO ] 2023-09-24 23:00:34.605 [main] StepDef - email address and password entered....
[INFO ] 2023-09-24 23:00:37.960 [main] StepDef - click on login button....
[INFO ] 2023-09-24 23:00:37.975 [main] StepDef - User can view dashboard : Test Passed....
[INFO ] 2023-09-24 23:00:38.040 [main] StepDef - Customer Menu Clicked....
[INFO ] 2023-09-24 23:00:42.103 [main] StepDef - Customer Menu Item Clicked....
[INFO ] 2023-09-24 23:00:44.242 [main] StepDef - Email address entered....
[INFO ] 2023-09-24 23:00:44.304 [main] StepDef - Click on search button....
[INFO ] 2023-09-24 23:00:46.358 [main] StepDef - User should found email in the search Table-passed....
[FATAL] 2023-09-24 23:00:47.420 [main] StepDef - SetUp 1 Executed....
[INFO ] 2023-09-24 23:00:47.422 [main] StepDef - Launch Chrome Browser....
[INFO ] 2023-09-24 23:00:49.270 [main] StepDef - URL Opned....
[INFO ] 2023-09-24 23:00:49.522 [main] StepDef - email address and password entered....
[INFO ] 2023-09-24 23:00:55.591 [main] StepDef - click on login button....
[INFO ] 2023-09-24 23:00:55.612 [main] StepDef - User can view dashboard : Test Passed....
[INFO ] 2023-09-24 23:00:55.694 [main] StepDef - Customer Menu Clicked....
[INFO ] 2023-09-24 23:00:59.466 [main] StepDef - Customer Menu Item Clicked....
[INFO ] 2023-09-24 23:01:01.681 [main] StepDef - Click on search button....
[FATAL] 2023-09-24 23:01:04.829 [main] StepDef - SetUp 1 Executed....
[INFO ] 2023-09-24 23:01:04.830 [main] StepDef - Launch Chrome Browser....
[INFO ] 2023-09-24 23:01:06.041 [main] StepDef - URL Opned....
[INFO ] 2023-09-24 23:01:06.277 [main] StepDef - email address and password entered....
[INFO ] 2023-09-24 23:01:11.086 [main] StepDef - click on login button....
[WARN ] 2023-09-24 23:01:11.102 [main] StepDef - Test Passed: Login Feature: Page Title Matched
[INFO ] 2023-09-24 23:01:15.006 [main] StepDef - User click on log out link....
[WARN ] 2023-09-24 23:01:15.020 [main] StepDef - Test Passed: Login Feature: Page Title Matched
[FATAL] 2023-09-24 23:01:16.081 [main] StepDef - SetUp 1 Executed....
[INFO ] 2023-09-24 23:01:16.084 [main] StepDef - Launch Chrome Browser....
[INFO ] 2023-09-24 23:01:17.938 [main] StepDef - URL Opned....
[INFO ] 2023-09-24 23:01:18.186 [main] StepDef - email address and password entered....
[INFO ] 2023-09-24 23:01:24.599 [main] StepDef - click on login button....
[WARN ] 2023-09-24 23:01:24.610 [main] StepDef - Test Passed: Login Feature: Page Title Matched
[INFO ] 2023-09-24 23:01:28.416 [main] StepDef - User click on log out link....
[WARN ] 2023-09-24 23:01:28.432 [main] StepDef - Test Passed: Login Feature: Page Title Matched
[FATAL] 2023-09-24 23:03:51.386 [main] StepDef - SetUp 1 Executed....
[INFO ] 2023-09-24 23:03:51.414 [main] StepDef - Launch Chrome Browser....
[INFO ] 2023-09-24 23:03:53.799 [main] StepDef - URL Opned....
[INFO ] 2023-09-24 23:03:54.076 [main] StepDef - email address and password entered....
[INFO ] 2023-09-24 23:04:05.265 [main] StepDef - click on login button....
[INFO ] 2023-09-24 23:04:05.279 [main] StepDef - User can view dashboard : Test Passed....
[INFO ] 2023-09-24 23:04:05.378 [main] StepDef - Customer Menu Clicked....
[INFO ] 2023-09-24 23:04:09.404 [main] StepDef - Customer Menu Item Clicked....
[INFO ] 2023-09-24 23:04:12.652 [main] StepDef - Clicked on add new button....
[INFO ] 2023-09-24 23:04:12.672 [main] StepDef - User Can view add new customer page: passed....
[INFO ] 2023-09-24 23:04:13.958 [main] StepDef - Customer Information entered....
[INFO ] 2023-09-24 23:04:15.719 [main] StepDef - Click on save button....
[INFO ] 2023-09-24 23:04:15.903 [main] StepDef - User Can view confirmation message: passed....
[FATAL] 2023-09-24 23:04:17.230 [main] StepDef - SetUp 1 Executed....
[INFO ] 2023-09-24 23:04:17.244 [main] StepDef - Launch Chrome Browser....
[INFO ] 2023-09-24 23:04:18.568 [main] StepDef - URL Opned....
[INFO ] 2023-09-24 23:04:18.842 [main] StepDef - email address and password entered....
[INFO ] 2023-09-24 23:04:24.031 [main] StepDef - click on login button....
[INFO ] 2023-09-24 23:04:24.050 [main] StepDef - User can view dashboard : Test Passed....
[INFO ] 2023-09-24 23:04:24.114 [main] StepDef - Customer Menu Clicked....
[INFO ] 2023-09-24 23:04:28.045 [main] StepDef - Customer Menu Item Clicked....
[INFO ] 2023-09-24 23:04:30.195 [main] StepDef - Email address entered....
[INFO ] 2023-09-24 23:04:30.246 [main] StepDef - Click on search button....
[INFO ] 2023-09-24 23:04:32.295 [main] StepDef - User should found email in the search Table-passed....
[FATAL] 2023-09-24 23:04:33.509 [main] StepDef - SetUp 1 Executed....
[INFO ] 2023-09-24 23:04:33.510 [main] StepDef - Launch Chrome Browser....
[INFO ] 2023-09-24 23:04:35.429 [main] StepDef - URL Opned....
[INFO ] 2023-09-24 23:04:35.679 [main] StepDef - email address and password entered....
[INFO ] 2023-09-24 23:04:41.146 [main] StepDef - click on login button....
[INFO ] 2023-09-24 23:04:41.160 [main] StepDef - User can view dashboard : Test Passed....
[INFO ] 2023-09-24 23:04:41.243 [main] StepDef - Customer Menu Clicked....
[INFO ] 2023-09-24 23:04:44.669 [main] StepDef - Customer Menu Item Clicked....
[INFO ] 2023-09-24 23:04:46.880 [main] StepDef - Click on search button....
[FATAL] 2023-09-24 23:04:50.036 [main] StepDef - SetUp 1 Executed....
[INFO ] 2023-09-24 23:04:50.036 [main] StepDef - Launch Chrome Browser....
[INFO ] 2023-09-24 23:04:51.137 [main] StepDef - URL Opned....
[INFO ] 2023-09-24 23:04:51.427 [main] StepDef - email address and password entered....
[INFO ] 2023-09-24 23:04:55.687 [main] StepDef - click on login button....
[WARN ] 2023-09-24 23:04:55.703 [main] StepDef - Test Passed: Login Feature: Page Title Matched
[INFO ] 2023-09-24 23:04:59.241 [main] StepDef - User click on log out link....
[WARN ] 2023-09-24 23:04:59.251 [main] StepDef - Test Passed: Login Feature: Page Title Matched
[FATAL] 2023-09-24 23:05:00.280 [main] StepDef - SetUp 1 Executed....
[INFO ] 2023-09-24 23:05:00.281 [main] StepDef - Launch Chrome Browser....
[INFO ] 2023-09-24 23:05:03.314 [main] StepDef - URL Opned....
[INFO ] 2023-09-24 23:05:03.569 [main] StepDef - email address and password entered....
[INFO ] 2023-09-24 23:05:14.348 [main] StepDef - click on login button....
[WARN ] 2023-09-24 23:05:14.355 [main] StepDef - Test Passed: Login Feature: Page Title Matched
[INFO ] 2023-09-24 23:05:18.089 [main] StepDef - User click on log out link....
[WARN ] 2023-09-24 23:05:18.101 [main] StepDef - Test Passed: Login Feature: Page Title Matched
[FATAL] 2023-09-24 23:07:29.867 [main] StepDef - SetUp 1 Executed....
[INFO ] 2023-09-24 23:07:29.896 [main] StepDef - Launch Chrome Browser....
[INFO ] 2023-09-24 23:07:33.650 [main] StepDef - URL Opned....
[INFO ] 2023-09-24 23:07:33.890 [main] StepDef - email address and password entered....
[INFO ] 2023-09-24 23:07:39.879 [main] StepDef - click on login button....
[INFO ] 2023-09-24 23:07:39.901 [main] StepDef - User can view dashboard : Test Passed....
[INFO ] 2023-09-24 23:07:40.021 [main] StepDef - Customer Menu Clicked....
[INFO ] 2023-09-24 23:07:43.651 [main] StepDef - Customer Menu Item Clicked....
[INFO ] 2023-09-24 23:07:47.405 [main] StepDef - Clicked on add new button....
[INFO ] 2023-09-24 23:07:47.425 [main] StepDef - User Can view add new customer page: passed....
[INFO ] 2023-09-24 23:07:48.637 [main] StepDef - Customer Information entered....
[INFO ] 2023-09-24 23:07:50.122 [main] StepDef - Click on save button....
[INFO ] 2023-09-24 23:07:50.240 [main] StepDef - User Can view confirmation message: passed....
[INFO ] 2023-09-24 23:07:50.421 [main] StepDef - Browser closed
[FATAL] 2023-09-24 23:07:51.433 [main] StepDef - SetUp 1 Executed....
[INFO ] 2023-09-24 23:07:51.440 [main] StepDef - Launch Chrome Browser....
[INFO ] 2023-09-24 23:07:53.683 [main] StepDef - URL Opned....
[INFO ] 2023-09-24 23:07:53.963 [main] StepDef - email address and password entered....
[INFO ] 2023-09-24 23:08:00.714 [main] StepDef - click on login button....
[INFO ] 2023-09-24 23:08:00.726 [main] StepDef - User can view dashboard : Test Passed....
[INFO ] 2023-09-24 23:08:00.809 [main] StepDef - Customer Menu Clicked....
[INFO ] 2023-09-24 23:08:04.767 [main] StepDef - Customer Menu Item Clicked....
[INFO ] 2023-09-24 23:08:06.896 [main] StepDef - Email address entered....
[INFO ] 2023-09-24 23:08:06.952 [main] StepDef - Click on search button....
[INFO ] 2023-09-24 23:08:09.010 [main] StepDef - User should found email in the search Table-passed....
[INFO ] 2023-09-24 23:08:09.175 [main] StepDef - Browser closed
[FATAL] 2023-09-24 23:08:10.023 [main] StepDef - SetUp 1 Executed....
[INFO ] 2023-09-24 23:08:10.025 [main] StepDef - Launch Chrome Browser....
[INFO ] 2023-09-24 23:08:12.661 [main] StepDef - URL Opned....
[INFO ] 2023-09-24 23:08:12.906 [main] StepDef - email address and password entered....
[INFO ] 2023-09-24 23:08:18.474 [main] StepDef - click on login button....
[INFO ] 2023-09-24 23:08:18.492 [main] StepDef - User can view dashboard : Test Passed....
[INFO ] 2023-09-24 23:08:18.573 [main] StepDef - Customer Menu Clicked....
[INFO ] 2023-09-24 23:08:22.983 [main] StepDef - Customer Menu Item Clicked....
[INFO ] 2023-09-24 23:08:25.340 [main] StepDef - Click on search button....
[FATAL] 2023-09-24 23:08:28.593 [main] StepDef - SetUp 1 Executed....
[INFO ] 2023-09-24 23:08:28.594 [main] StepDef - Launch Chrome Browser....
[INFO ] 2023-09-24 23:08:30.520 [main] StepDef - URL Opned....
[INFO ] 2023-09-24 23:08:30.744 [main] StepDef - email address and password entered....
[INFO ] 2023-09-24 23:08:37.308 [main] StepDef - click on login button....
[WARN ] 2023-09-24 23:08:37.327 [main] StepDef - Test Passed: Login Feature: Page Title Matched
[INFO ] 2023-09-24 23:08:41.150 [main] StepDef - User click on log out link....
[WARN ] 2023-09-24 23:08:41.164 [main] StepDef - Test Passed: Login Feature: Page Title Matched
[INFO ] 2023-09-24 23:08:41.302 [main] StepDef - Browser closed
[FATAL] 2023-09-24 23:08:42.153 [main] StepDef - SetUp 1 Executed....
[INFO ] 2023-09-24 23:08:42.154 [main] StepDef - Launch Chrome Browser....
[INFO ] 2023-09-24 23:08:44.614 [main] StepDef - URL Opned....
[INFO ] 2023-09-24 23:08:44.873 [main] StepDef - email address and password entered....
[INFO ] 2023-09-24 23:08:51.470 [main] StepDef - click on login button....
[WARN ] 2023-09-24 23:08:51.484 [main] StepDef - Test Passed: Login Feature: Page Title Matched
[INFO ] 2023-09-24 23:08:55.186 [main] StepDef - User click on log out link....
[WARN ] 2023-09-24 23:08:55.196 [main] StepDef - Test Passed: Login Feature: Page Title Matched
[INFO ] 2023-09-24 23:08:55.334 [main] StepDef - Browser closed
[FATAL] 2023-09-24 23:11:45.472 [main] StepDef - SetUp 1 Executed....
[INFO ] 2023-09-24 23:11:45.501 [main] StepDef - Launch Chrome Browser....
[INFO ] 2023-09-24 23:11:47.868 [main] StepDef - URL Opned....
[INFO ] 2023-09-24 23:11:48.124 [main] StepDef - email address and password entered....
[INFO ] 2023-09-24 23:11:54.825 [main] StepDef - click on login button....
[INFO ] 2023-09-24 23:11:54.841 [main] StepDef - User can view dashboard : Test Passed....
[INFO ] 2023-09-24 23:11:54.941 [main] StepDef - Customer Menu Clicked....
[INFO ] 2023-09-24 23:11:58.845 [main] StepDef - Customer Menu Item Clicked....
[INFO ] 2023-09-24 23:12:02.938 [main] StepDef - Clicked on add new button....
[INFO ] 2023-09-24 23:12:02.956 [main] StepDef - User Can view add new customer page: passed....
[INFO ] 2023-09-24 23:12:04.098 [main] StepDef - Customer Information entered....
[INFO ] 2023-09-24 23:12:05.659 [main] StepDef - Click on save button....
[INFO ] 2023-09-24 23:12:05.784 [main] StepDef - User Can view confirmation message: passed....
[INFO ] 2023-09-24 23:12:05.939 [main] StepDef - Browser closed
[FATAL] 2023-09-24 23:12:06.960 [main] StepDef - SetUp 1 Executed....
[INFO ] 2023-09-24 23:12:06.964 [main] StepDef - Launch Chrome Browser....
[INFO ] 2023-09-24 23:12:10.941 [main] StepDef - URL Opned....
[INFO ] 2023-09-24 23:12:11.213 [main] StepDef - email address and password entered....
[INFO ] 2023-09-24 23:12:20.110 [main] StepDef - click on login button....
[INFO ] 2023-09-24 23:12:20.119 [main] StepDef - User can view dashboard : Test Passed....
[INFO ] 2023-09-24 23:12:20.183 [main] StepDef - Customer Menu Clicked....
[INFO ] 2023-09-24 23:12:24.400 [main] StepDef - Customer Menu Item Clicked....
[INFO ] 2023-09-24 23:12:26.530 [main] StepDef - Email address entered....
[INFO ] 2023-09-24 23:12:26.586 [main] StepDef - Click on search button....
[INFO ] 2023-09-24 23:12:28.655 [main] StepDef - User should found email in the search Table-passed....
[INFO ] 2023-09-24 23:12:28.840 [main] StepDef - Browser closed
[FATAL] 2023-09-24 23:12:29.701 [main] StepDef - SetUp 1 Executed....
[INFO ] 2023-09-24 23:12:29.703 [main] StepDef - Launch Chrome Browser....
[INFO ] 2023-09-24 23:12:32.349 [main] StepDef - URL Opned....
[INFO ] 2023-09-24 23:12:32.606 [main] StepDef - email address and password entered....
[INFO ] 2023-09-24 23:12:37.180 [main] StepDef - click on login button....
[INFO ] 2023-09-24 23:12:37.204 [main] StepDef - User can view dashboard : Test Passed....
[INFO ] 2023-09-24 23:12:37.257 [main] StepDef - Customer Menu Clicked....
[INFO ] 2023-09-24 23:12:41.301 [main] StepDef - Customer Menu Item Clicked....
[INFO ] 2023-09-24 23:12:43.495 [main] StepDef - Click on search button....
[FATAL] 2023-09-24 23:12:46.663 [main] StepDef - SetUp 1 Executed....
[INFO ] 2023-09-24 23:12:46.665 [main] StepDef - Launch Chrome Browser....
[INFO ] 2023-09-24 23:12:49.624 [main] StepDef - URL Opned....
[INFO ] 2023-09-24 23:12:49.890 [main] StepDef - email address and password entered....
[INFO ] 2023-09-24 23:12:56.129 [main] StepDef - click on login button....
[WARN ] 2023-09-24 23:12:56.139 [main] StepDef - Test Passed: Login Feature: Page Title Matched
[INFO ] 2023-09-24 23:13:00.027 [main] StepDef - User click on log out link....
[WARN ] 2023-09-24 23:13:00.039 [main] StepDef - Test Passed: Login Feature: Page Title Matched
[INFO ] 2023-09-24 23:13:00.197 [main] StepDef - Browser closed
[FATAL] 2023-09-24 23:13:00.987 [main] StepDef - SetUp 1 Executed....
[INFO ] 2023-09-24 23:13:00.988 [main] StepDef - Launch Chrome Browser....
[INFO ] 2023-09-24 23:13:02.936 [main] StepDef - URL Opned....
[INFO ] 2023-09-24 23:13:03.182 [main] StepDef - email address and password entered....
[INFO ] 2023-09-24 23:13:10.090 [main] StepDef - click on login button....
[WARN ] 2023-09-24 23:13:10.106 [main] StepDef - Test Passed: Login Feature: Page Title Matched
[INFO ] 2023-09-24 23:13:13.858 [main] StepDef - User click on log out link....
[WARN ] 2023-09-24 23:13:13.870 [main] StepDef - Test Passed: Login Feature: Page Title Matched
[INFO ] 2023-09-24 23:13:14.024 [main] StepDef - Browser closed
[FATAL] 2023-09-24 23:14:32.597 [main] StepDef - SetUp 1 Executed....
[INFO ] 2023-09-24 23:14:32.625 [main] StepDef - Launch Chrome Browser....
[INFO ] 2023-09-24 23:14:34.724 [main] StepDef - URL Opned....
[INFO ] 2023-09-24 23:14:34.976 [main] StepDef - email address and password entered....
[INFO ] 2023-09-24 23:14:40.703 [main] StepDef - click on login button....
[INFO ] 2023-09-24 23:14:40.717 [main] StepDef - User can view dashboard : Test Passed....
[INFO ] 2023-09-24 23:14:40.821 [main] StepDef - Customer Menu Clicked....
[INFO ] 2023-09-24 23:14:44.731 [main] StepDef - Customer Menu Item Clicked....
[INFO ] 2023-09-24 23:14:48.612 [main] StepDef - Clicked on add new button....
[INFO ] 2023-09-24 23:14:48.633 [main] StepDef - User Can view add new customer page: passed....
[INFO ] 2023-09-24 23:14:49.927 [main] StepDef - Customer Information entered....
[INFO ] 2023-09-24 23:14:51.416 [main] StepDef - Click on save button....
[INFO ] 2023-09-24 23:14:51.556 [main] StepDef - User Can view confirmation message: passed....
[INFO ] 2023-09-24 23:14:51.738 [main] StepDef - Browser closed
[FATAL] 2023-09-24 23:14:52.837 [main] StepDef - SetUp 1 Executed....
[INFO ] 2023-09-24 23:14:52.843 [main] StepDef - Launch Chrome Browser....
[INFO ] 2023-09-24 23:14:54.670 [main] StepDef - URL Opned....
[INFO ] 2023-09-24 23:14:54.918 [main] StepDef - email address and password entered....
[INFO ] 2023-09-24 23:15:00.470 [main] StepDef - click on login button....
[INFO ] 2023-09-24 23:15:00.481 [main] StepDef - User can view dashboard : Test Passed....
[INFO ] 2023-09-24 23:15:00.568 [main] StepDef - Customer Menu Clicked....
[INFO ] 2023-09-24 23:15:04.533 [main] StepDef - Customer Menu Item Clicked....
[INFO ] 2023-09-24 23:15:06.662 [main] StepDef - Email address entered....
[INFO ] 2023-09-24 23:15:06.717 [main] StepDef - Click on search button....
[INFO ] 2023-09-24 23:15:08.772 [main] StepDef - User should found email in the search Table-passed....
[INFO ] 2023-09-24 23:15:08.903 [main] StepDef - Browser closed
[FATAL] 2023-09-24 23:15:09.839 [main] StepDef - SetUp 1 Executed....
[INFO ] 2023-09-24 23:15:09.841 [main] StepDef - Launch Chrome Browser....
[INFO ] 2023-09-24 23:15:12.097 [main] StepDef - URL Opned....
[INFO ] 2023-09-24 23:15:12.367 [main] StepDef - email address and password entered....
[INFO ] 2023-09-24 23:15:17.269 [main] StepDef - click on login button....
[INFO ] 2023-09-24 23:15:17.280 [main] StepDef - User can view dashboard : Test Passed....
[INFO ] 2023-09-24 23:15:17.355 [main] StepDef - Customer Menu Clicked....
[INFO ] 2023-09-24 23:15:20.954 [main] StepDef - Customer Menu Item Clicked....
[INFO ] 2023-09-24 23:15:23.148 [main] StepDef - Click on search button....
[FATAL] 2023-09-24 23:15:28.315 [main] StepDef - SetUp 1 Executed....
[INFO ] 2023-09-24 23:15:28.318 [main] StepDef - Launch Chrome Browser....
[INFO ] 2023-09-24 23:15:30.172 [main] StepDef - URL Opned....
[INFO ] 2023-09-24 23:15:30.450 [main] StepDef - email address and password entered....
[INFO ] 2023-09-24 23:15:36.154 [main] StepDef - click on login button....
[WARN ] 2023-09-24 23:15:36.161 [main] StepDef - Test Passed: Login Feature: Page Title Matched
[INFO ] 2023-09-24 23:15:39.985 [main] StepDef - User click on log out link....
[WARN ] 2023-09-24 23:15:39.995 [main] StepDef - Test Passed: Login Feature: Page Title Matched
[INFO ] 2023-09-24 23:15:40.149 [main] StepDef - Browser closed
[FATAL] 2023-09-24 23:15:40.926 [main] StepDef - SetUp 1 Executed....
[INFO ] 2023-09-24 23:15:40.930 [main] StepDef - Launch Chrome Browser....
[INFO ] 2023-09-24 23:15:43.089 [main] StepDef - URL Opned....
[INFO ] 2023-09-24 23:15:43.344 [main] StepDef - email address and password entered....
[INFO ] 2023-09-24 23:15:49.628 [main] StepDef - click on login button....
[WARN ] 2023-09-24 23:15:49.635 [main] StepDef - Test Passed: Login Feature: Page Title Matched
[INFO ] 2023-09-24 23:15:53.392 [main] StepDef - User click on log out link....
[WARN ] 2023-09-24 23:15:53.399 [main] StepDef - Test Passed: Login Feature: Page Title Matched
[INFO ] 2023-09-24 23:15:53.567 [main] StepDef - Browser closed
[FATAL] 2023-09-24 23:16:28.349 [main] StepDef - SetUp 1 Executed....
[INFO ] 2023-09-24 23:16:28.377 [main] StepDef - Launch Chrome Browser....
[INFO ] 2023-09-24 23:16:29.399 [main] StepDef - URL Opned....
[INFO ] 2023-09-24 23:16:29.642 [main] StepDef - email address and password entered....
[INFO ] 2023-09-24 23:16:33.253 [main] StepDef - click on login button....
[INFO ] 2023-09-24 23:16:33.274 [main] StepDef - User can view dashboard : Test Passed....
[INFO ] 2023-09-24 23:16:33.344 [main] StepDef - Customer Menu Clicked....
[INFO ] 2023-09-24 23:16:36.978 [main] StepDef - Customer Menu Item Clicked....
[INFO ] 2023-09-24 23:16:40.640 [main] StepDef - Clicked on add new button....
[INFO ] 2023-09-24 23:16:40.660 [main] StepDef - User Can view add new customer page: passed....
[INFO ] 2023-09-24 23:16:41.897 [main] StepDef - Customer Information entered....
[INFO ] 2023-09-24 23:16:43.245 [main] StepDef - Click on save button....
[INFO ] 2023-09-24 23:16:43.370 [main] StepDef - User Can view confirmation message: passed....
[INFO ] 2023-09-24 23:16:43.519 [main] StepDef - Browser closed
[FATAL] 2023-09-24 23:16:44.526 [main] StepDef - SetUp 1 Executed....
[INFO ] 2023-09-24 23:16:44.531 [main] StepDef - Launch Chrome Browser....
[INFO ] 2023-09-24 23:16:46.609 [main] StepDef - URL Opned....
[INFO ] 2023-09-24 23:16:46.880 [main] StepDef - email address and password entered....
[INFO ] 2023-09-24 23:16:50.970 [main] StepDef - click on login button....
[INFO ] 2023-09-24 23:16:50.979 [main] StepDef - User can view dashboard : Test Passed....
[INFO ] 2023-09-24 23:16:51.048 [main] StepDef - Customer Menu Clicked....
[INFO ] 2023-09-24 23:16:54.490 [main] StepDef - Customer Menu Item Clicked....
[INFO ] 2023-09-24 23:16:56.640 [main] StepDef - Email address entered....
[INFO ] 2023-09-24 23:16:56.692 [main] StepDef - Click on search button....
[INFO ] 2023-09-24 23:16:58.751 [main] StepDef - User should found email in the search Table-passed....
[INFO ] 2023-09-24 23:16:58.918 [main] StepDef - Browser closed
[FATAL] 2023-09-24 23:16:59.707 [main] StepDef - SetUp 1 Executed....
[INFO ] 2023-09-24 23:16:59.709 [main] StepDef - Launch Chrome Browser....
[INFO ] 2023-09-24 23:17:00.943 [main] StepDef - URL Opned....
[INFO ] 2023-09-24 23:17:01.202 [main] StepDef - email address and password entered....
[INFO ] 2023-09-24 23:17:04.586 [main] StepDef - click on login button....
[INFO ] 2023-09-24 23:17:04.603 [main] StepDef - User can view dashboard : Test Passed....
[INFO ] 2023-09-24 23:17:04.669 [main] StepDef - Customer Menu Clicked....
[INFO ] 2023-09-24 23:17:08.338 [main] StepDef - Customer Menu Item Clicked....
[INFO ] 2023-09-24 23:17:12.544 [main] StepDef - Click on search button....
[FATAL] 2023-09-24 23:17:15.773 [main] StepDef - SetUp 1 Executed....
[INFO ] 2023-09-24 23:17:15.774 [main] StepDef - Launch Chrome Browser....
[INFO ] 2023-09-24 23:17:17.735 [main] StepDef - URL Opned....
[INFO ] 2023-09-24 23:17:18.012 [main] StepDef - email address and password entered....
[INFO ] 2023-09-24 23:17:21.115 [main] StepDef - click on login button....
[WARN ] 2023-09-24 23:17:21.129 [main] StepDef - Test Passed: Login Feature: Page Title Matched
[INFO ] 2023-09-24 23:17:24.834 [main] StepDef - User click on log out link....
[WARN ] 2023-09-24 23:17:24.843 [main] StepDef - Test Passed: Login Feature: Page Title Matched
[INFO ] 2023-09-24 23:17:24.997 [main] StepDef - Browser closed
[FATAL] 2023-09-24 23:17:25.870 [main] StepDef - SetUp 1 Executed....
[INFO ] 2023-09-24 23:17:25.873 [main] StepDef - Launch Chrome Browser....
[INFO ] 2023-09-24 23:17:28.030 [main] StepDef - URL Opned....
[INFO ] 2023-09-24 23:17:28.273 [main] StepDef - email address and password entered....
[INFO ] 2023-09-24 23:17:33.643 [main] StepDef - click on login button....
[WARN ] 2023-09-24 23:17:33.658 [main] StepDef - Test Passed: Login Feature: Page Title Matched
[INFO ] 2023-09-24 23:17:37.322 [main] StepDef - User click on log out link....
[WARN ] 2023-09-24 23:17:37.331 [main] StepDef - Test Passed: Login Feature: Page Title Matched
[INFO ] 2023-09-24 23:17:37.478 [main] StepDef - Browser closed
[FATAL] 2023-09-24 23:27:46.186 [main] StepDef - SetUp 1 Executed....
[INFO ] 2023-09-24 23:27:46.216 [main] StepDef - Launch Chrome Browser....
[INFO ] 2023-09-24 23:27:48.748 [main] StepDef - URL Opned....
[INFO ] 2023-09-24 23:27:49.019 [main] StepDef - email address and password entered....
[INFO ] 2023-09-24 23:27:54.653 [main] StepDef - click on login button....
[INFO ] 2023-09-24 23:27:54.666 [main] StepDef - User can view dashboard : Test Passed....
[INFO ] 2023-09-24 23:27:54.773 [main] StepDef - Customer Menu Clicked....
[INFO ] 2023-09-24 23:27:58.396 [main] StepDef - Customer Menu Item Clicked....
[INFO ] 2023-09-24 23:28:02.048 [main] StepDef - Clicked on add new button....
[INFO ] 2023-09-24 23:28:02.068 [main] StepDef - User Can view add new customer page: passed....
[INFO ] 2023-09-24 23:28:03.423 [main] StepDef - Customer Information entered....
[INFO ] 2023-09-24 23:28:04.900 [main] StepDef - Click on save button....
[INFO ] 2023-09-24 23:28:05.015 [main] StepDef - User Can view confirmation message: passed....
[INFO ] 2023-09-24 23:28:05.160 [main] StepDef - Browser closed
[FATAL] 2023-09-24 23:28:06.188 [main] StepDef - SetUp 1 Executed....
[INFO ] 2023-09-24 23:28:06.193 [main] StepDef - Launch Chrome Browser....
[INFO ] 2023-09-24 23:28:07.980 [main] StepDef - URL Opned....
[INFO ] 2023-09-24 23:28:08.261 [main] StepDef - email address and password entered....
[INFO ] 2023-09-24 23:28:11.255 [main] StepDef - click on login button....
[INFO ] 2023-09-24 23:28:11.270 [main] StepDef - User can view dashboard : Test Passed....
[INFO ] 2023-09-24 23:28:11.347 [main] StepDef - Customer Menu Clicked....
[INFO ] 2023-09-24 23:28:15.162 [main] StepDef - Customer Menu Item Clicked....
[INFO ] 2023-09-24 23:28:17.314 [main] StepDef - Email address entered....
[INFO ] 2023-09-24 23:28:17.372 [main] StepDef - Click on search button....
[INFO ] 2023-09-24 23:28:19.405 [main] StepDef - User should found email in the search Table-failed....
[FATAL] 2023-09-24 23:28:20.494 [main] StepDef - SetUp 1 Executed....
[INFO ] 2023-09-24 23:28:20.498 [main] StepDef - Launch Chrome Browser....
[INFO ] 2023-09-24 23:28:22.727 [main] StepDef - URL Opned....
[INFO ] 2023-09-24 23:28:22.980 [main] StepDef - email address and password entered....
[INFO ] 2023-09-24 23:28:27.113 [main] StepDef - click on login button....
[INFO ] 2023-09-24 23:28:27.133 [main] StepDef - User can view dashboard : Test Passed....
[INFO ] 2023-09-24 23:28:27.207 [main] StepDef - Customer Menu Clicked....
[INFO ] 2023-09-24 23:28:31.150 [main] StepDef - Customer Menu Item Clicked....
[INFO ] 2023-09-24 23:28:35.355 [main] StepDef - Click on search button....
[FATAL] 2023-09-24 23:28:38.500 [main] StepDef - SetUp 1 Executed....
[INFO ] 2023-09-24 23:28:38.504 [main] StepDef - Launch Chrome Browser....
[INFO ] 2023-09-24 23:28:40.649 [main] StepDef - URL Opned....
[INFO ] 2023-09-24 23:28:40.905 [main] StepDef - email address and password entered....
[INFO ] 2023-09-24 23:28:45.651 [main] StepDef - click on login button....
[WARN ] 2023-09-24 23:28:45.667 [main] StepDef - Test Passed: Login Feature: Page Title Matched
[INFO ] 2023-09-24 23:28:49.279 [main] StepDef - User click on log out link....
[WARN ] 2023-09-24 23:28:49.288 [main] StepDef - Test Passed: Login Feature: Page Title Matched
[INFO ] 2023-09-24 23:28:49.448 [main] StepDef - Browser closed
[FATAL] 2023-09-24 23:28:50.306 [main] StepDef - SetUp 1 Executed....
[INFO ] 2023-09-24 23:28:50.310 [main] StepDef - Launch Chrome Browser....
[INFO ] 2023-09-24 23:28:52.588 [main] StepDef - URL Opned....
[INFO ] 2023-09-24 23:28:52.833 [main] StepDef - email address and password entered....
[INFO ] 2023-09-24 23:28:58.962 [main] StepDef - click on login button....
[WARN ] 2023-09-24 23:28:58.971 [main] StepDef - Test Passed: Login Feature: Page Title Matched
[INFO ] 2023-09-24 23:29:02.685 [main] StepDef - User click on log out link....
[WARN ] 2023-09-24 23:29:02.693 [main] StepDef - Test Passed: Login Feature: Page Title Matched
[INFO ] 2023-09-24 23:29:02.846 [main] StepDef - Browser closed
[FATAL] 2023-09-24 23:33:39.766 [main] StepDef - SetUp 1 Executed....
[INFO ] 2023-09-24 23:33:39.792 [main] StepDef - Launch Chrome Browser....
[INFO ] 2023-09-24 23:33:43.241 [main] StepDef - URL Opned....
[INFO ] 2023-09-24 23:33:43.506 [main] StepDef - email address and password entered....
[INFO ] 2023-09-24 23:33:46.928 [main] StepDef - click on login button....
[INFO ] 2023-09-24 23:33:46.948 [main] StepDef - User can view dashboard : Test Passed....
[INFO ] 2023-09-24 23:33:47.048 [main] StepDef - Customer Menu Clicked....
[INFO ] 2023-09-24 23:33:50.583 [main] StepDef - Customer Menu Item Clicked....
[INFO ] 2023-09-24 23:33:54.224 [main] StepDef - Clicked on add new button....
[INFO ] 2023-09-24 23:33:54.242 [main] StepDef - User Can view add new customer page: passed....
[INFO ] 2023-09-24 23:33:55.571 [main] StepDef - Customer Information entered....
[INFO ] 2023-09-24 23:33:56.972 [main] StepDef - Click on save button....
[INFO ] 2023-09-24 23:33:57.115 [main] StepDef - User Can view confirmation message: passed....
[INFO ] 2023-09-24 23:33:57.283 [main] StepDef - Browser closed
[FATAL] 2023-09-24 23:33:58.355 [main] StepDef - SetUp 1 Executed....
[INFO ] 2023-09-24 23:33:58.362 [main] StepDef - Launch Chrome Browser....
[INFO ] 2023-09-24 23:33:59.423 [main] StepDef - URL Opned....
[INFO ] 2023-09-24 23:33:59.698 [main] StepDef - email address and password entered....
[INFO ] 2023-09-24 23:34:04.242 [main] StepDef - click on login button....
[INFO ] 2023-09-24 23:34:04.259 [main] StepDef - User can view dashboard : Test Passed....
[INFO ] 2023-09-24 23:34:04.319 [main] StepDef - Customer Menu Clicked....
[INFO ] 2023-09-24 23:34:07.757 [main] StepDef - Customer Menu Item Clicked....
[INFO ] 2023-09-24 23:34:09.893 [main] StepDef - Email address entered....
[INFO ] 2023-09-24 23:34:09.943 [main] StepDef - Click on search button....
[INFO ] 2023-09-24 23:34:12.002 [main] StepDef - User should found email in the search Table-passed....
[INFO ] 2023-09-24 23:34:12.134 [main] StepDef - Browser closed
[FATAL] 2023-09-24 23:34:13.060 [main] StepDef - SetUp 1 Executed....
[INFO ] 2023-09-24 23:34:13.061 [main] StepDef - Launch Chrome Browser....
[INFO ] 2023-09-24 23:34:14.325 [main] StepDef - URL Opned....
[INFO ] 2023-09-24 23:34:14.583 [main] StepDef - email address and password entered....
[INFO ] 2023-09-24 23:34:17.247 [main] StepDef - click on login button....
[INFO ] 2023-09-24 23:34:17.262 [main] StepDef - User can view dashboard : Test Passed....
[INFO ] 2023-09-24 23:34:17.325 [main] StepDef - Customer Menu Clicked....
[INFO ] 2023-09-24 23:34:20.731 [main] StepDef - Customer Menu Item Clicked....
[INFO ] 2023-09-24 23:34:22.923 [main] StepDef - Click on search button....
[FATAL] 2023-09-24 23:34:28.171 [main] StepDef - SetUp 1 Executed....
[INFO ] 2023-09-24 23:34:28.173 [main] StepDef - Launch Chrome Browser....
[INFO ] 2023-09-24 23:34:30.141 [main] StepDef - URL Opned....
[INFO ] 2023-09-24 23:34:30.402 [main] StepDef - email address and password entered....
[INFO ] 2023-09-24 23:34:37.933 [main] StepDef - click on login button....
[WARN ] 2023-09-24 23:34:37.944 [main] StepDef - Test Passed: Login Feature: Page Title Matched
[INFO ] 2023-09-24 23:34:41.705 [main] StepDef - User click on log out link....
[WARN ] 2023-09-24 23:34:41.722 [main] StepDef - Test Passed: Login Feature: Page Title Matched
[INFO ] 2023-09-24 23:34:41.868 [main] StepDef - Browser closed
[FATAL] 2023-09-24 23:34:42.925 [main] StepDef - SetUp 1 Executed....
[INFO ] 2023-09-24 23:34:42.928 [main] StepDef - Launch Chrome Browser....
[INFO ] 2023-09-24 23:34:44.787 [main] StepDef - URL Opned....
[INFO ] 2023-09-24 23:34:45.040 [main] StepDef - email address and password entered....
[INFO ] 2023-09-24 23:34:50.109 [main] StepDef - click on login button....
[WARN ] 2023-09-24 23:34:50.126 [main] StepDef - Test Passed: Login Feature: Page Title Matched
[INFO ] 2023-09-24 23:34:53.926 [main] StepDef - User click on log out link....
[WARN ] 2023-09-24 23:34:53.935 [main] StepDef - Test Passed: Login Feature: Page Title Matched
[INFO ] 2023-09-24 23:34:54.067 [main] StepDef - Browser closed
[FATAL] 2023-09-24 23:45:12.053 [main] StepDef - SetUp 1 Executed....
[INFO ] 2023-09-24 23:45:12.081 [main] StepDef - Launch Chrome Browser....
[INFO ] 2023-09-24 23:45:14.890 [main] StepDef - URL Opned....
[INFO ] 2023-09-24 23:45:15.222 [main] StepDef - email address and password entered....
[INFO ] 2023-09-24 23:45:20.717 [main] StepDef - click on login button....
[INFO ] 2023-09-24 23:45:20.737 [main] StepDef - User can view dashboard : Test Passed....
[INFO ] 2023-09-24 23:45:20.827 [main] StepDef - Customer Menu Clicked....
[INFO ] 2023-09-24 23:45:24.714 [main] StepDef - Customer Menu Item Clicked....
[INFO ] 2023-09-24 23:45:28.549 [main] StepDef - Clicked on add new button....
[INFO ] 2023-09-24 23:45:28.572 [main] StepDef - User Can view add new customer page: passed....
[INFO ] 2023-09-24 23:45:29.731 [main] StepDef - Customer Information entered....
[INFO ] 2023-09-24 23:45:31.261 [main] StepDef - Click on save button....
[INFO ] 2023-09-24 23:45:31.424 [main] StepDef - User Can view confirmation message: passed....
[INFO ] 2023-09-24 23:45:31.570 [main] StepDef - Browser closed
[FATAL] 2023-09-24 23:45:32.679 [main] StepDef - SetUp 1 Executed....
[INFO ] 2023-09-24 23:45:32.688 [main] StepDef - Launch Chrome Browser....
[INFO ] 2023-09-24 23:45:34.632 [main] StepDef - URL Opned....
[INFO ] 2023-09-24 23:45:34.938 [main] StepDef - email address and password entered....
[INFO ] 2023-09-24 23:45:39.673 [main] StepDef - click on login button....
[INFO ] 2023-09-24 23:45:39.695 [main] StepDef - User can view dashboard : Test Passed....
[INFO ] 2023-09-24 23:45:39.786 [main] StepDef - Customer Menu Clicked....
[INFO ] 2023-09-24 23:45:43.151 [main] StepDef - Customer Menu Item Clicked....
[INFO ] 2023-09-24 23:45:45.379 [main] StepDef - Email address entered....
[INFO ] 2023-09-24 23:45:45.528 [main] StepDef - Click on search button....
[INFO ] 2023-09-24 23:45:47.621 [main] StepDef - User should found email in the search Table-passed....
[INFO ] 2023-09-24 23:45:47.750 [main] StepDef - Browser closed
[FATAL] 2023-09-24 23:45:48.779 [main] StepDef - SetUp 1 Executed....
[INFO ] 2023-09-24 23:45:48.781 [main] StepDef - Launch Chrome Browser....
[INFO ] 2023-09-24 23:45:49.993 [main] StepDef - URL Opned....
[INFO ] 2023-09-24 23:45:50.203 [main] StepDef - email address and password entered....
[INFO ] 2023-09-24 23:45:56.829 [main] StepDef - click on login button....
[INFO ] 2023-09-24 23:45:56.850 [main] StepDef - User can view dashboard : Test Passed....
[INFO ] 2023-09-24 23:45:56.959 [main] StepDef - Customer Menu Clicked....
[INFO ] 2023-09-24 23:46:00.573 [main] StepDef - Customer Menu Item Clicked....
[INFO ] 2023-09-24 23:46:02.901 [main] StepDef - Click on search button....
[FATAL] 2023-09-24 23:46:06.501 [main] StepDef - SetUp 1 Executed....
[INFO ] 2023-09-24 23:46:06.502 [main] StepDef - Launch Chrome Browser....
[INFO ] 2023-09-24 23:46:07.599 [main] StepDef - URL Opned....
[INFO ] 2023-09-24 23:46:07.885 [main] StepDef - email address and password entered....
[INFO ] 2023-09-24 23:46:18.970 [main] StepDef - click on login button....
[WARN ] 2023-09-24 23:46:18.980 [main] StepDef - Test Passed: Login Feature: Page Title Matched
[INFO ] 2023-09-24 23:46:22.877 [main] StepDef - User click on log out link....
[WARN ] 2023-09-24 23:46:22.884 [main] StepDef - Test Passed: Login Feature: Page Title Matched
[INFO ] 2023-09-24 23:46:23.017 [main] StepDef - Browser closed
[FATAL] 2023-09-24 23:46:23.906 [main] StepDef - SetUp 1 Executed....
[INFO ] 2023-09-24 23:46:23.908 [main] StepDef - Launch Chrome Browser....
[INFO ] 2023-09-24 23:46:25.918 [main] StepDef - URL Opned....
[INFO ] 2023-09-24 23:46:26.172 [main] StepDef - email address and password entered....
[INFO ] 2023-09-24 23:46:31.351 [main] StepDef - click on login button....
[WARN ] 2023-09-24 23:46:31.367 [main] StepDef - Test Passed: Login Feature: Page Title Matched
[INFO ] 2023-09-24 23:46:35.163 [main] StepDef - User click on log out link....
[WARN ] 2023-09-24 23:46:35.169 [main] StepDef - Test Passed: Login Feature: Page Title Matched
[INFO ] 2023-09-24 23:46:35.330 [main] StepDef - Browser closed
[FATAL] 2023-09-24 23:54:55.709 [main] StepDef - SetUp 1 Executed....
[INFO ] 2023-09-24 23:54:55.730 [main] StepDef - Launch Chrome Browser....
[INFO ] 2023-09-24 23:54:58.780 [main] StepDef - URL Opned....
[INFO ] 2023-09-24 23:54:59.043 [main] StepDef - email address and password entered....
[INFO ] 2023-09-24 23:55:03.387 [main] StepDef - click on login button....
[INFO ] 2023-09-24 23:55:03.405 [main] StepDef - User can view dashboard : Test Passed....
[INFO ] 2023-09-24 23:55:03.508 [main] StepDef - Customer Menu Clicked....
[INFO ] 2023-09-24 23:55:07.440 [main] StepDef - Customer Menu Item Clicked....
[INFO ] 2023-09-24 23:55:11.007 [main] StepDef - Clicked on add new button....
[INFO ] 2023-09-24 23:55:11.028 [main] StepDef - User Can view add new customer page: passed....
[INFO ] 2023-09-24 23:55:12.307 [main] StepDef - Customer Information entered....
[INFO ] 2023-09-24 23:55:14.007 [main] StepDef - Click on save button....
[INFO ] 2023-09-24 23:55:14.136 [main] StepDef - User Can view confirmation message: passed....
[INFO ] 2023-09-24 23:55:14.273 [main] StepDef - Browser closed
[FATAL] 2023-09-24 23:55:15.287 [main] StepDef - SetUp 1 Executed....
[INFO ] 2023-09-24 23:55:15.290 [main] StepDef - Launch Chrome Browser....
[INFO ] 2023-09-24 23:55:17.280 [main] StepDef - URL Opned....
[INFO ] 2023-09-24 23:55:17.550 [main] StepDef - email address and password entered....
[INFO ] 2023-09-24 23:55:23.648 [main] StepDef - click on login button....
[INFO ] 2023-09-24 23:55:23.664 [main] StepDef - User can view dashboard : Test Passed....
[INFO ] 2023-09-24 23:55:23.735 [main] StepDef - Customer Menu Clicked....
[INFO ] 2023-09-24 23:55:27.576 [main] StepDef - Customer Menu Item Clicked....
[INFO ] 2023-09-24 23:55:29.718 [main] StepDef - Email address entered....
[INFO ] 2023-09-24 23:55:29.774 [main] StepDef - Click on search button....
[INFO ] 2023-09-24 23:55:31.830 [main] StepDef - User should found email in the search Table-passed....
[INFO ] 2023-09-24 23:55:31.949 [main] StepDef - Browser closed
[FATAL] 2023-09-24 23:55:32.807 [main] StepDef - SetUp 1 Executed....
[INFO ] 2023-09-24 23:55:32.808 [main] StepDef - Launch Chrome Browser....
[INFO ] 2023-09-24 23:55:35.493 [main] StepDef - URL Opned....
[INFO ] 2023-09-24 23:55:35.753 [main] StepDef - email address and password entered....
[INFO ] 2023-09-24 23:55:41.960 [main] StepDef - click on login button....
[INFO ] 2023-09-24 23:55:41.968 [main] StepDef - User can view dashboard : Test Passed....
[INFO ] 2023-09-24 23:55:42.042 [main] StepDef - Customer Menu Clicked....
[INFO ] 2023-09-24 23:55:45.647 [main] StepDef - Customer Menu Item Clicked....
[INFO ] 2023-09-24 23:55:47.854 [main] StepDef - Click on search button....
[FATAL] 2023-09-24 23:59:30.635 [main] StepDef - SetUp 1 Executed....
[INFO ] 2023-09-24 23:59:30.662 [main] StepDef - Launch Chrome Browser....
[INFO ] 2023-09-24 23:59:32.450 [main] StepDef - URL Opned....
[INFO ] 2023-09-24 23:59:32.668 [main] StepDef - email address and password entered....
[INFO ] 2023-09-24 23:59:39.104 [main] StepDef - click on login button....
[INFO ] 2023-09-24 23:59:39.117 [main] StepDef - User can view dashboard : Test Passed....
[INFO ] 2023-09-24 23:59:39.230 [main] StepDef - Customer Menu Clicked....
[INFO ] 2023-09-24 23:59:43.184 [main] StepDef - Customer Menu Item Clicked....
[INFO ] 2023-09-24 23:59:45.484 [main] StepDef - Click on search button....
[FATAL] 2023-09-24 23:59:48.910 [main] StepDef - SetUp 1 Executed....
[INFO ] 2023-09-24 23:59:48.918 [main] StepDef - Launch Chrome Browser....
[INFO ] 2023-09-24 23:59:51.100 [main] StepDef - URL Opned....
[INFO ] 2023-09-24 23:59:51.399 [main] StepDef - email address and password entered....
[INFO ] 2023-09-24 23:59:57.416 [main] StepDef - click on login button....
[WARN ] 2023-09-24 23:59:57.434 [main] StepDef - Test Passed: Login Feature: Page Title Matched
[INFO ] 2023-09-25 00:00:01.465 [main] StepDef - User click on log out link....
[WARN ] 2023-09-25 00:00:01.477 [main] StepDef - Test Passed: Login Feature: Page Title Matched
[INFO ] 2023-09-25 00:00:01.632 [main] StepDef - Browser closed
[FATAL] 2023-09-25 00:02:47.176 [main] StepDef - SetUp 1 Executed....
[INFO ] 2023-09-25 00:02:47.200 [main] StepDef - Launch Chrome Browser....
[INFO ] 2023-09-25 00:02:49.478 [main] StepDef - URL Opned....
[INFO ] 2023-09-25 00:02:49.687 [main] StepDef - email address and password entered....
[INFO ] 2023-09-25 00:02:57.049 [main] StepDef - click on login button....
[INFO ] 2023-09-25 00:02:57.071 [main] StepDef - User can view dashboard : Test Passed....
[INFO ] 2023-09-25 00:02:57.174 [main] StepDef - Customer Menu Clicked....
[INFO ] 2023-09-25 00:03:00.978 [main] StepDef - Customer Menu Item Clicked....
[INFO ] 2023-09-25 00:03:03.286 [main] StepDef - Click on search button....
[INFO ] 2023-09-25 00:03:05.540 [main] StepDef - Browser closed
[FATAL] 2023-09-25 00:03:06.498 [main] StepDef - SetUp 1 Executed....
[INFO ] 2023-09-25 00:03:06.502 [main] StepDef - Launch Chrome Browser....
[INFO ] 2023-09-25 00:03:08.655 [main] StepDef - URL Opned....
[INFO ] 2023-09-25 00:03:08.943 [main] StepDef - email address and password entered....
[INFO ] 2023-09-25 00:03:14.974 [main] StepDef - click on login button....
[WARN ] 2023-09-25 00:03:14.994 [main] StepDef - Test Passed: Login Feature: Page Title Matched
[INFO ] 2023-09-25 00:03:18.693 [main] StepDef - User click on log out link....
[WARN ] 2023-09-25 00:03:18.706 [main] StepDef - Test Passed: Login Feature: Page Title Matched
[INFO ] 2023-09-25 00:03:18.859 [main] StepDef - Browser closed
[FATAL] 2023-09-25 10:07:25.599 [main] StepDef - SetUp 1 Executed....
[INFO ] 2023-09-25 10:07:25.636 [main] StepDef - Launch Chrome Browser....
[INFO ] 2023-09-25 10:07:28.285 [main] StepDef - URL Opned....
[INFO ] 2023-09-25 10:07:28.685 [main] StepDef - email address and password entered....
[INFO ] 2023-09-25 10:07:33.843 [main] StepDef - click on login button....
[INFO ] 2023-09-25 10:07:34.025 [main] StepDef - User can view dashboard : Test Passed....
[INFO ] 2023-09-25 10:07:34.283 [main] StepDef - Customer Menu Clicked....
[INFO ] 2023-09-25 10:07:37.755 [main] StepDef - Customer Menu Item Clicked....
[INFO ] 2023-09-25 10:07:40.520 [main] StepDef - Click on search button....
[INFO ] 2023-09-25 10:07:43.082 [main] StepDef - Browser closed
[FATAL] 2023-09-25 10:07:44.114 [main] StepDef - SetUp 1 Executed....
[INFO ] 2023-09-25 10:07:44.116 [main] StepDef - Launch Chrome Browser....
[INFO ] 2023-09-25 10:07:46.054 [main] StepDef - URL Opned....
[INFO ] 2023-09-25 10:07:46.454 [main] StepDef - email address and password entered....
[INFO ] 2023-09-25 10:07:51.905 [main] StepDef - click on login button....
[WARN ] 2023-09-25 10:07:52.047 [main] StepDef - Test Passed: Login Feature: Page Title Matched
[INFO ] 2023-09-25 10:07:56.122 [main] StepDef - User click on log out link....
[WARN ] 2023-09-25 10:07:56.256 [main] StepDef - Test Passed: Login Feature: Page Title Matched
[INFO ] 2023-09-25 10:07:56.533 [main] StepDef - Browser closed
[FATAL] 2023-09-25 10:22:15.366 [main] StepDef - SetUp 1 Executed....
[INFO ] 2023-09-25 10:22:15.409 [main] StepDef - Launch Chrome Browser....
[INFO ] 2023-09-25 10:22:18.188 [main] StepDef - URL Opned....
[INFO ] 2023-09-25 10:22:18.562 [main] StepDef - email address and password entered....
[INFO ] 2023-09-25 10:22:23.153 [main] StepDef - click on login button....
[INFO ] 2023-09-25 10:22:23.311 [main] StepDef - User can view dashboard : Test Passed....
[INFO ] 2023-09-25 10:22:23.558 [main] StepDef - Customer Menu Clicked....
[INFO ] 2023-09-25 10:22:27.324 [main] StepDef - Customer Menu Item Clicked....
[INFO ] 2023-09-25 10:22:29.987 [main] StepDef - Click on search button....
[INFO ] 2023-09-25 10:22:32.498 [main] StepDef - Browser closed
[FATAL] 2023-09-25 10:22:33.414 [main] StepDef - SetUp 1 Executed....
[INFO ] 2023-09-25 10:22:33.416 [main] StepDef - Launch Chrome Browser....
[INFO ] 2023-09-25 10:22:34.538 [main] StepDef - URL Opned....
[INFO ] 2023-09-25 10:22:34.956 [main] StepDef - email address and password entered....
[INFO ] 2023-09-25 10:22:39.045 [main] StepDef - click on login button....
[WARN ] 2023-09-25 10:22:39.197 [main] StepDef - Test Passed: Login Feature: Page Title Matched
[INFO ] 2023-09-25 10:22:42.880 [main] StepDef - User click on log out link....
[WARN ] 2023-09-25 10:22:43.014 [main] StepDef - Test Passed: Login Feature: Page Title Matched
[INFO ] 2023-09-25 10:22:43.285 [main] StepDef - Browser closed
[FATAL] 2023-09-25 10:27:02.250 [main] StepDef - SetUp 1 Executed....
[INFO ] 2023-09-25 10:27:02.286 [main] StepDef - Launch Chrome Browser....
[INFO ] 2023-09-25 10:27:04.221 [main] StepDef - URL Opned....
[INFO ] 2023-09-25 10:27:04.496 [main] StepDef - email address and password entered....
[INFO ] 2023-09-25 10:27:09.556 [main] StepDef - click on login button....
[INFO ] 2023-09-25 10:27:09.578 [main] StepDef - User can view dashboard : Test Passed....
[INFO ] 2023-09-25 10:27:09.698 [main] StepDef - Customer Menu Clicked....
[INFO ] 2023-09-25 10:27:13.093 [main] StepDef - Customer Menu Item Clicked....
[INFO ] 2023-09-25 10:27:15.441 [main] StepDef - Click on search button....
[INFO ] 2023-09-25 10:27:17.708 [main] StepDef - Browser closed
[FATAL] 2023-09-25 10:27:18.590 [main] StepDef - SetUp 1 Executed....
[INFO ] 2023-09-25 10:27:18.594 [main] StepDef - Launch Chrome Browser....
[INFO ] 2023-09-25 10:27:20.767 [main] StepDef - URL Opned....
[INFO ] 2023-09-25 10:27:21.042 [main] StepDef - email address and password entered....
[INFO ] 2023-09-25 10:27:25.872 [main] StepDef - click on login button....
[WARN ] 2023-09-25 10:27:25.883 [main] StepDef - Test Passed: Login Feature: Page Title Matched
[INFO ] 2023-09-25 10:27:29.941 [main] StepDef - User click on log out link....
[WARN ] 2023-09-25 10:27:29.951 [main] StepDef - Test Passed: Login Feature: Page Title Matched
[INFO ] 2023-09-25 10:27:30.092 [main] StepDef - Browser closed
[FATAL] 2023-09-25 10:32:20.007 [main] StepDef - SetUp 1 Executed....
[INFO ] 2023-09-25 10:32:20.040 [main] StepDef - Launch Chrome Browser....
[INFO ] 2023-09-25 10:32:22.413 [main] StepDef - URL Opned....
[INFO ] 2023-09-25 10:32:22.682 [main] StepDef - email address and password entered....
[INFO ] 2023-09-25 10:32:26.610 [main] StepDef - click on login button....
[INFO ] 2023-09-25 10:32:26.631 [main] StepDef - User can view dashboard : Test Passed....
[INFO ] 2023-09-25 10:32:26.822 [main] StepDef - Customer Menu Clicked....
[INFO ] 2023-09-25 10:32:30.266 [main] StepDef - Customer Menu Item Clicked....
[FATAL] 2023-09-25 10:32:33.637 [main] StepDef - SetUp 1 Executed....
[INFO ] 2023-09-25 10:32:33.640 [main] StepDef - Launch Chrome Browser....
[INFO ] 2023-09-25 10:32:35.384 [main] StepDef - URL Opned....
[INFO ] 2023-09-25 10:32:35.676 [main] StepDef - email address and password entered....
[INFO ] 2023-09-25 10:32:41.632 [main] StepDef - click on login button....
[WARN ] 2023-09-25 10:32:41.645 [main] StepDef - Test Passed: Login Feature: Page Title Matched
[INFO ] 2023-09-25 10:32:45.229 [main] StepDef - User click on log out link....
[WARN ] 2023-09-25 10:32:45.254 [main] StepDef - Test Passed: Login Feature: Page Title Matched
[INFO ] 2023-09-25 10:32:45.444 [main] StepDef - Browser closed
[FATAL] 2023-09-25 10:39:03.257 [main] StepDef - SetUp 1 Executed....
[INFO ] 2023-09-25 10:39:03.306 [main] StepDef - Launch Chrome Browser....
[INFO ] 2023-09-25 10:39:05.320 [main] StepDef - URL Opned....
[INFO ] 2023-09-25 10:39:05.567 [main] StepDef - email address and password entered....
[INFO ] 2023-09-25 10:39:09.809 [main] StepDef - click on login button....
[INFO ] 2023-09-25 10:39:09.834 [main] StepDef - User can view dashboard : Test Passed....
[INFO ] 2023-09-25 10:39:09.910 [main] StepDef - Customer Menu Clicked....
[INFO ] 2023-09-25 10:39:13.330 [main] StepDef - Customer Menu Item Clicked....
[FATAL] 2023-09-25 10:39:16.710 [main] StepDef - SetUp 1 Executed....
[INFO ] 2023-09-25 10:39:16.712 [main] StepDef - Launch Chrome Browser....
[INFO ] 2023-09-25 10:39:18.536 [main] StepDef - URL Opned....
[INFO ] 2023-09-25 10:39:18.823 [main] StepDef - email address and password entered....
[INFO ] 2023-09-25 10:39:22.889 [main] StepDef - click on login button....
[WARN ] 2023-09-25 10:39:22.919 [main] StepDef - Test Passed: Login Feature: Page Title Matched
[INFO ] 2023-09-25 10:39:26.749 [main] StepDef - User click on log out link....
[WARN ] 2023-09-25 10:39:26.774 [main] StepDef - Test Passed: Login Feature: Page Title Matched
[INFO ] 2023-09-25 10:39:26.937 [main] StepDef - Browser closed
[FATAL] 2023-09-25 10:52:31.614 [main] StepDef - SetUp 1 Executed....
[INFO ] 2023-09-25 10:52:31.657 [main] StepDef - Launch Chrome Browser....
[INFO ] 2023-09-25 10:52:33.411 [main] StepDef - URL Opned....
[INFO ] 2023-09-25 10:52:33.654 [main] StepDef - email address and password entered....
[INFO ] 2023-09-25 10:52:37.207 [main] StepDef - click on login button....
[INFO ] 2023-09-25 10:52:37.236 [main] StepDef - User can view dashboard : Test Passed....
[INFO ] 2023-09-25 10:52:37.319 [main] StepDef - Customer Menu Clicked....
[INFO ] 2023-09-25 10:52:41.125 [main] StepDef - Customer Menu Item Clicked....
[INFO ] 2023-09-25 10:52:43.327 [main] StepDef - Click on search button....
[INFO ] 2023-09-25 10:52:45.555 [main] StepDef - Browser closed
[FATAL] 2023-09-25 10:52:46.413 [main] StepDef - SetUp 1 Executed....
[INFO ] 2023-09-25 10:52:46.414 [main] StepDef - Launch Chrome Browser....
[INFO ] 2023-09-25 10:52:48.454 [main] StepDef - URL Opned....
[INFO ] 2023-09-25 10:52:48.687 [main] StepDef - email address and password entered....
[INFO ] 2023-09-25 10:52:53.564 [main] StepDef - click on login button....
[WARN ] 2023-09-25 10:52:53.596 [main] StepDef - Test Passed: Login Feature: Page Title Matched
[INFO ] 2023-09-25 10:52:57.269 [main] StepDef - User click on log out link....
[WARN ] 2023-09-25 10:52:57.274 [main] StepDef - Test Passed: Login Feature: Page Title Matched
[INFO ] 2023-09-25 10:52:57.393 [main] StepDef - Browser closed
[FATAL] 2023-09-25 10:54:25.385 [main] StepDef - SetUp 1 Executed....
[INFO ] 2023-09-25 10:54:25.419 [main] StepDef - Launch Chrome Browser....
[INFO ] 2023-09-25 10:54:26.439 [main] StepDef - URL Opned....
[INFO ] 2023-09-25 10:54:26.669 [main] StepDef - email address and password entered....
[INFO ] 2023-09-25 10:54:32.205 [main] StepDef - click on login button....
[INFO ] 2023-09-25 10:54:32.229 [main] StepDef - User can view dashboard : Test Passed....
[INFO ] 2023-09-25 10:54:32.425 [main] StepDef - Customer Menu Clicked....
[INFO ] 2023-09-25 10:54:35.789 [main] StepDef - Customer Menu Item Clicked....
[FATAL] 2023-09-25 10:54:38.877 [main] StepDef - SetUp 1 Executed....
[INFO ] 2023-09-25 10:54:38.878 [main] StepDef - Launch Chrome Browser....
[INFO ] 2023-09-25 10:54:40.484 [main] StepDef - URL Opned....
[INFO ] 2023-09-25 10:54:40.721 [main] StepDef - email address and password entered....
[INFO ] 2023-09-25 10:54:45.618 [main] StepDef - click on login button....
[WARN ] 2023-09-25 10:54:45.640 [main] StepDef - Test Passed: Login Feature: Page Title Matched
[INFO ] 2023-09-25 10:54:49.213 [main] StepDef - User click on log out link....
[WARN ] 2023-09-25 10:54:49.222 [main] StepDef - Test Passed: Login Feature: Page Title Matched
[INFO ] 2023-09-25 10:54:49.386 [main] StepDef - Browser closed
[FATAL] 2023-09-25 10:56:01.568 [main] StepDef - SetUp 1 Executed....
[INFO ] 2023-09-25 10:56:01.601 [main] StepDef - Launch Chrome Browser....
[INFO ] 2023-09-25 10:56:02.552 [main] StepDef - URL Opned....
[INFO ] 2023-09-25 10:56:02.779 [main] StepDef - email address and password entered....
[INFO ] 2023-09-25 10:56:07.416 [main] StepDef - click on login button....
[INFO ] 2023-09-25 10:56:07.434 [main] StepDef - User can view dashboard : Test Passed....
[INFO ] 2023-09-25 10:56:07.532 [main] StepDef - Customer Menu Clicked....
[INFO ] 2023-09-25 10:56:11.529 [main] StepDef - Customer Menu Item Clicked....
[FATAL] 2023-09-25 10:56:14.662 [main] StepDef - SetUp 1 Executed....
[INFO ] 2023-09-25 10:56:14.664 [main] StepDef - Launch Chrome Browser....
[INFO ] 2023-09-25 10:56:16.266 [main] StepDef - URL Opned....
[INFO ] 2023-09-25 10:56:16.499 [main] StepDef - email address and password entered....
[INFO ] 2023-09-25 10:56:21.153 [main] StepDef - click on login button....
[WARN ] 2023-09-25 10:56:21.177 [main] StepDef - Test Passed: Login Feature: Page Title Matched
[INFO ] 2023-09-25 10:56:24.640 [main] StepDef - User click on log out link....
[WARN ] 2023-09-25 10:56:24.656 [main] StepDef - Test Passed: Login Feature: Page Title Matched
[INFO ] 2023-09-25 10:56:24.820 [main] StepDef - Browser closed
[FATAL] 2023-09-25 11:02:43.166 [main] StepDef - SetUp 1 Executed....
[INFO ] 2023-09-25 11:02:43.200 [main] StepDef - Launch Chrome Browser....
[INFO ] 2023-09-25 11:02:45.099 [main] StepDef - URL Opned....
[INFO ] 2023-09-25 11:02:45.465 [main] StepDef - email address and password entered....
[INFO ] 2023-09-25 11:02:50.312 [main] StepDef - click on login button....
[INFO ] 2023-09-25 11:02:50.569 [main] StepDef - User can view dashboard : Test Passed....
[INFO ] 2023-09-25 11:02:51.293 [main] StepDef - Customer Menu Clicked....
[INFO ] 2023-09-25 11:02:54.566 [main] StepDef - Customer Menu Item Clicked....
[FATAL] 2023-09-25 11:02:58.166 [main] StepDef - SetUp 1 Executed....
[INFO ] 2023-09-25 11:02:58.169 [main] StepDef - Launch Chrome Browser....
[INFO ] 2023-09-25 11:02:59.175 [main] StepDef - URL Opned....
[INFO ] 2023-09-25 11:02:59.536 [main] StepDef - email address and password entered....
[INFO ] 2023-09-25 11:03:04.378 [main] StepDef - click on login button....
[WARN ] 2023-09-25 11:03:04.526 [main] StepDef - Test Passed: Login Feature: Page Title Matched
[INFO ] 2023-09-25 11:03:08.315 [main] StepDef - User click on log out link....
[WARN ] 2023-09-25 11:03:08.434 [main] StepDef - Test Passed: Login Feature: Page Title Matched
[INFO ] 2023-09-25 11:03:08.676 [main] StepDef - Browser closed
[FATAL] 2023-09-25 11:05:24.074 [main] StepDef - SetUp 1 Executed....
[INFO ] 2023-09-25 11:05:24.103 [main] StepDef - Launch Chrome Browser....
[INFO ] 2023-09-25 11:05:25.810 [main] StepDef - URL Opned....
[INFO ] 2023-09-25 11:05:26.043 [main] StepDef - email address and password entered....
[INFO ] 2023-09-25 11:05:31.252 [main] StepDef - click on login button....
[INFO ] 2023-09-25 11:05:31.274 [main] StepDef - User can view dashboard : Test Passed....
[INFO ] 2023-09-25 11:05:31.455 [main] StepDef - Customer Menu Clicked....
[INFO ] 2023-09-25 11:05:35.010 [main] StepDef - Customer Menu Item Clicked....
[FATAL] 2023-09-25 11:05:38.271 [main] StepDef - SetUp 1 Executed....
[INFO ] 2023-09-25 11:05:38.273 [main] StepDef - Launch Chrome Browser....
[INFO ] 2023-09-25 11:05:39.858 [main] StepDef - URL Opned....
[INFO ] 2023-09-25 11:05:40.081 [main] StepDef - email address and password entered....
[INFO ] 2023-09-25 11:05:44.428 [main] StepDef - click on login button....
[WARN ] 2023-09-25 11:05:44.457 [main] StepDef - Test Passed: Login Feature: Page Title Matched
[INFO ] 2023-09-25 11:05:47.992 [main] StepDef - User click on log out link....
[WARN ] 2023-09-25 11:05:48.005 [main] StepDef - Test Passed: Login Feature: Page Title Matched
[INFO ] 2023-09-25 11:05:48.164 [main] StepDef - Browser closed
[FATAL] 2023-09-25 11:06:28.240 [main] StepDef - SetUp 1 Executed....
[INFO ] 2023-09-25 11:06:28.275 [main] StepDef - Launch Chrome Browser....
[INFO ] 2023-09-25 11:06:29.338 [main] StepDef - URL Opned....
[INFO ] 2023-09-25 11:06:29.602 [main] StepDef - email address and password entered....
[INFO ] 2023-09-25 11:06:34.283 [main] StepDef - click on login button....
[INFO ] 2023-09-25 11:06:34.301 [main] StepDef - User can view dashboard : Test Passed....
[INFO ] 2023-09-25 11:06:34.383 [main] StepDef - Customer Menu Clicked....
[INFO ] 2023-09-25 11:06:37.815 [main] StepDef - Customer Menu Item Clicked....
[FATAL] 2023-09-25 11:06:40.982 [main] StepDef - SetUp 1 Executed....
[INFO ] 2023-09-25 11:06:40.989 [main] StepDef - Launch Chrome Browser....
[INFO ] 2023-09-25 11:06:42.727 [main] StepDef - URL Opned....
[INFO ] 2023-09-25 11:06:42.948 [main] StepDef - email address and password entered....
[INFO ] 2023-09-25 11:06:46.194 [main] StepDef - click on login button....
[WARN ] 2023-09-25 11:06:46.227 [main] StepDef - Test Passed: Login Feature: Page Title Matched
[INFO ] 2023-09-25 11:06:49.742 [main] StepDef - User click on log out link....
[WARN ] 2023-09-25 11:06:49.754 [main] StepDef - Test Passed: Login Feature: Page Title Matched
[INFO ] 2023-09-25 11:06:49.896 [main] StepDef - Browser closed
[FATAL] 2023-09-25 11:23:58.284 [main] StepDef - SetUp 1 Executed....
[INFO ] 2023-09-25 11:23:58.318 [main] StepDef - Launch Chrome Browser....
[INFO ] 2023-09-25 11:24:00.704 [main] StepDef - URL Opned....
[INFO ] 2023-09-25 11:24:00.929 [main] StepDef - email address and password entered....
[INFO ] 2023-09-25 11:24:06.554 [main] StepDef - click on login button....
[INFO ] 2023-09-25 11:24:06.578 [main] StepDef - User can view dashboard : Test Passed....
[INFO ] 2023-09-25 11:24:07.030 [main] StepDef - Customer Menu Clicked....
[INFO ] 2023-09-25 11:24:10.540 [main] StepDef - Customer Menu Item Clicked....
[INFO ] 2023-09-25 11:24:12.758 [main] StepDef - Click on search button....
[INFO ] 2023-09-25 11:24:14.976 [main] StepDef - Browser closed
[FATAL] 2023-09-25 11:24:15.809 [main] StepDef - SetUp 1 Executed....
[INFO ] 2023-09-25 11:24:15.812 [main] StepDef - Launch Chrome Browser....
[INFO ] 2023-09-25 11:24:17.586 [main] StepDef - URL Opned....
[INFO ] 2023-09-25 11:24:17.802 [main] StepDef - email address and password entered....
[INFO ] 2023-09-25 11:24:23.294 [main] StepDef - click on login button....
[WARN ] 2023-09-25 11:24:23.338 [main] StepDef - Test Passed: Login Feature: Page Title Matched
[INFO ] 2023-09-25 11:24:26.863 [main] StepDef - User click on log out link....
[WARN ] 2023-09-25 11:24:26.871 [main] StepDef - Test Passed: Login Feature: Page Title Matched
[INFO ] 2023-09-25 11:24:27.001 [main] StepDef - Browser closed
[FATAL] 2023-09-25 11:27:13.539 [main] StepDef - SetUp 1 Executed....
[INFO ] 2023-09-25 11:27:13.573 [main] StepDef - Launch Chrome Browser....
[INFO ] 2023-09-25 11:27:15.279 [main] StepDef - URL Opned....
[INFO ] 2023-09-25 11:27:15.522 [main] StepDef - email address and password entered....
[INFO ] 2023-09-25 11:27:21.420 [main] StepDef - click on login button....
[INFO ] 2023-09-25 11:27:21.467 [main] StepDef - User can view dashboard : Test Passed....
[INFO ] 2023-09-25 11:27:21.564 [main] StepDef - Customer Menu Clicked....
[INFO ] 2023-09-25 11:27:24.929 [main] StepDef - Customer Menu Item Clicked....
[INFO ] 2023-09-25 11:27:27.133 [main] StepDef - Click on search button....
[INFO ] 2023-09-25 11:27:29.365 [main] StepDef - Browser closed
[FATAL] 2023-09-25 11:27:30.211 [main] StepDef - SetUp 1 Executed....
[INFO ] 2023-09-25 11:27:30.213 [main] StepDef - Launch Chrome Browser....
[INFO ] 2023-09-25 11:27:32.020 [main] StepDef - URL Opned....
[INFO ] 2023-09-25 11:27:32.228 [main] StepDef - email address and password entered....
[INFO ] 2023-09-25 11:27:36.643 [main] StepDef - click on login button....
[WARN ] 2023-09-25 11:27:36.676 [main] StepDef - Test Passed: Login Feature: Page Title Matched
[INFO ] 2023-09-25 11:27:40.185 [main] StepDef - User click on log out link....
[WARN ] 2023-09-25 11:27:40.191 [main] StepDef - Test Passed: Login Feature: Page Title Matched
[INFO ] 2023-09-25 11:27:40.306 [main] StepDef - Browser closed
[FATAL] 2023-09-25 12:16:30.177 [main] StepDef - SetUp 1 Executed....
[INFO ] 2023-09-25 12:16:30.224 [main] StepDef - Launch Chrome Browser....
[INFO ] 2023-09-25 12:16:32.863 [main] StepDef - URL Opned....
[INFO ] 2023-09-25 12:16:33.107 [main] StepDef - email address and password entered....
[INFO ] 2023-09-25 12:16:38.617 [main] StepDef - click on login button....
[INFO ] 2023-09-25 12:16:38.637 [main] StepDef - User can view dashboard : Test Passed....
[INFO ] 2023-09-25 12:16:38.707 [main] StepDef - Customer Menu Clicked....
[INFO ] 2023-09-25 12:16:42.055 [main] StepDef - Customer Menu Item Clicked....
[INFO ] 2023-09-25 12:16:44.286 [main] StepDef - Click on search button....
[INFO ] 2023-09-25 12:16:46.512 [main] StepDef - Browser closed
[FATAL] 2023-09-25 12:16:47.259 [main] StepDef - SetUp 1 Executed....
[INFO ] 2023-09-25 12:16:47.263 [main] StepDef - Launch Chrome Browser....
[INFO ] 2023-09-25 12:16:49.092 [main] StepDef - URL Opned....
[INFO ] 2023-09-25 12:16:49.301 [main] StepDef - email address and password entered....
[INFO ] 2023-09-25 12:16:53.878 [main] StepDef - click on login button....
[WARN ] 2023-09-25 12:16:53.892 [main] StepDef - Test Passed: Login Feature: Page Title Matched
[INFO ] 2023-09-25 12:16:57.350 [main] StepDef - User click on log out link....
[WARN ] 2023-09-25 12:16:57.359 [main] StepDef - Test Passed: Login Feature: Page Title Matched
[INFO ] 2023-09-25 12:16:57.480 [main] StepDef - Browser closed
